2024-12-14 22:10:21,787 [INFO] com.banking.Sweep.SweepApplication[main] Starting SweepApplication using Java 17.0.13 with PID 1588 (D:\IntellijWorkspace\Sweep\Sweep\target\classes started by bhanu in D:\IntellijWorkspace\Sweep)
2024-12-14 22:10:21,794 [INFO] com.banking.Sweep.SweepApplication[main] No active profile set, falling back to 1 default profile: "default"
2024-12-14 22:10:24,224 [INFO] org.springframework.data.repository.config.RepositoryConfigurationDelegate[main] Bootstrapping Spring Data JPA repositories in DEFAULT mode.
2024-12-14 22:10:24,325 [INFO] org.springframework.data.repository.config.RepositoryConfigurationDelegate[main] Finished Spring Data repository scanning in 87 ms. Found 5 JPA repository interfaces.
2024-12-14 22:10:25,139 [INFO] org.springframework.boot.web.embedded.tomcat.TomcatWebServer[main] Tomcat initialized with port 8080 (http)
2024-12-14 22:10:25,155 [INFO] org.apache.catalina.core.StandardService[main] Starting service [Tomcat]
2024-12-14 22:10:25,156 [INFO] org.apache.catalina.core.StandardEngine[main] Starting Servlet engine: [Apache Tomcat/10.1.31]
2024-12-14 22:10:25,248 [INFO] org.apache.catalina.core.ContainerBase.[Tomcat].[localhost].[/][main] Initializing Spring embedded WebApplicationContext
2024-12-14 22:10:25,248 [INFO] org.springframework.boot.web.servlet.context.ServletWebServerApplicationContext[main] Root WebApplicationContext: initialization completed in 3398 ms
2024-12-14 22:10:25,483 [INFO] org.hibernate.jpa.internal.util.LogHelper[main] HHH000204: Processing PersistenceUnitInfo [name: default]
2024-12-14 22:10:25,569 [INFO] org.hibernate.Version[main] HHH000412: Hibernate ORM core version 6.5.3.Final
2024-12-14 22:10:25,609 [INFO] org.hibernate.cache.internal.RegionFactoryInitiator[main] HHH000026: Second-level cache disabled
2024-12-14 22:10:25,960 [INFO] org.springframework.orm.jpa.persistenceunit.SpringPersistenceUnitInfo[main] No LoadTimeWeaver setup: ignoring JPA class transformer
2024-12-14 22:10:26,003 [INFO] com.zaxxer.hikari.HikariDataSource[main] HikariPool-1 - Starting...
2024-12-14 22:10:26,500 [INFO] com.zaxxer.hikari.pool.HikariPool[main] HikariPool-1 - Added connection com.mysql.cj.jdbc.ConnectionImpl@478530cb
2024-12-14 22:10:26,502 [INFO] com.zaxxer.hikari.HikariDataSource[main] HikariPool-1 - Start completed.
2024-12-14 22:10:27,676 [INFO] org.hibernate.engine.transaction.jta.platform.internal.JtaPlatformInitiator[main] HHH000489: No JTA platform available (set 'hibernate.transaction.jta.platform' to enable JTA platform integration)
2024-12-14 22:10:27,786 [INFO] org.springframework.orm.jpa.LocalContainerEntityManagerFactoryBean[main] Initialized JPA EntityManagerFactory for persistence unit 'default'
2024-12-14 22:10:28,180 [INFO] org.springframework.data.jpa.repository.query.QueryEnhancerFactory[main] Hibernate is in classpath; If applicable, HQL parser will be used.
2024-12-14 22:10:28,876 [WARN] org.springframework.boot.autoconfigure.orm.jpa.JpaBaseConfiguration$JpaWebConfiguration[main] spring.jpa.open-in-view is enabled by default. Therefore, database queries may be performed during view rendering. Explicitly configure spring.jpa.open-in-view to disable this warning
2024-12-14 22:10:30,103 [INFO] org.springframework.boot.web.embedded.tomcat.TomcatWebServer[main] Tomcat started on port 8080 (http) with context path '/'
2024-12-14 22:10:30,123 [INFO] com.banking.Sweep.SweepApplication[main] Started SweepApplication in 8.823 seconds (process running for 10.192)
2024-12-14 22:11:24,360 [INFO] org.apache.catalina.core.ContainerBase.[Tomcat].[localhost].[/][http-nio-8080-exec-6] Initializing Spring DispatcherServlet 'dispatcherServlet'
2024-12-14 22:11:24,361 [INFO] org.springframework.web.servlet.DispatcherServlet[http-nio-8080-exec-6] Initializing Servlet 'dispatcherServlet'
2024-12-14 22:11:24,366 [INFO] org.springframework.web.servlet.DispatcherServlet[http-nio-8080-exec-6] Completed initialization in 5 ms
2024-12-14 22:12:38,130 [WARN] org.springframework.web.servlet.mvc.support.DefaultHandlerExceptionResolver[http-nio-8080-exec-10] Resolved [org.springframework.http.converter.HttpMessageNotReadableException: JSON parse error: Cannot deserialize value of type `com.banking.Sweep.model.AccountType` from String "FIXED": not one of the values accepted for Enum class: [LOAN, SAVINGS, FIXED_DEPOSIT, BUSINESS, CURRENT]]
2024-12-14 23:28:08,899 [INFO] org.springframework.orm.jpa.LocalContainerEntityManagerFactoryBean[SpringApplicationShutdownHook] Closing JPA EntityManagerFactory for persistence unit 'default'
2024-12-14 23:28:08,928 [INFO] com.zaxxer.hikari.HikariDataSource[SpringApplicationShutdownHook] HikariPool-1 - Shutdown initiated...
2024-12-14 23:28:08,951 [INFO] com.zaxxer.hikari.HikariDataSource[SpringApplicationShutdownHook] HikariPool-1 - Shutdown completed.
2024-12-14 23:28:56,429 [INFO] com.banking.Sweep.SweepApplication[main] Starting SweepApplication using Java 17.0.13 with PID 4364 (D:\IntellijWorkspace\Sweep\Sweep\target\classes started by bhanu in D:\IntellijWorkspace\Sweep)
2024-12-14 23:28:56,431 [INFO] com.banking.Sweep.SweepApplication[main] No active profile set, falling back to 1 default profile: "default"
2024-12-14 23:28:57,533 [INFO] org.springframework.data.repository.config.RepositoryConfigurationDelegate[main] Bootstrapping Spring Data JPA repositories in DEFAULT mode.
2024-12-14 23:28:57,607 [INFO] org.springframework.data.repository.config.RepositoryConfigurationDelegate[main] Finished Spring Data repository scanning in 60 ms. Found 5 JPA repository interfaces.
2024-12-14 23:28:58,249 [INFO] org.springframework.boot.web.embedded.tomcat.TomcatWebServer[main] Tomcat initialized with port 8080 (http)
2024-12-14 23:28:58,267 [INFO] org.apache.catalina.core.StandardService[main] Starting service [Tomcat]
2024-12-14 23:28:58,267 [INFO] org.apache.catalina.core.StandardEngine[main] Starting Servlet engine: [Apache Tomcat/10.1.31]
2024-12-14 23:28:58,343 [INFO] org.apache.catalina.core.ContainerBase.[Tomcat].[localhost].[/][main] Initializing Spring embedded WebApplicationContext
2024-12-14 23:28:58,343 [INFO] org.springframework.boot.web.servlet.context.ServletWebServerApplicationContext[main] Root WebApplicationContext: initialization completed in 1862 ms
2024-12-14 23:28:58,506 [INFO] org.hibernate.jpa.internal.util.LogHelper[main] HHH000204: Processing PersistenceUnitInfo [name: default]
2024-12-14 23:28:58,591 [INFO] org.hibernate.Version[main] HHH000412: Hibernate ORM core version 6.5.3.Final
2024-12-14 23:28:58,630 [INFO] org.hibernate.cache.internal.RegionFactoryInitiator[main] HHH000026: Second-level cache disabled
2024-12-14 23:28:59,012 [INFO] org.springframework.orm.jpa.persistenceunit.SpringPersistenceUnitInfo[main] No LoadTimeWeaver setup: ignoring JPA class transformer
2024-12-14 23:28:59,045 [INFO] com.zaxxer.hikari.HikariDataSource[main] HikariPool-1 - Starting...
2024-12-14 23:28:59,470 [INFO] com.zaxxer.hikari.pool.HikariPool[main] HikariPool-1 - Added connection com.mysql.cj.jdbc.ConnectionImpl@95cecc5
2024-12-14 23:28:59,470 [INFO] com.zaxxer.hikari.HikariDataSource[main] HikariPool-1 - Start completed.
2024-12-14 23:29:00,558 [INFO] org.hibernate.engine.transaction.jta.platform.internal.JtaPlatformInitiator[main] HHH000489: No JTA platform available (set 'hibernate.transaction.jta.platform' to enable JTA platform integration)
2024-12-14 23:29:00,666 [INFO] org.springframework.orm.jpa.LocalContainerEntityManagerFactoryBean[main] Initialized JPA EntityManagerFactory for persistence unit 'default'
2024-12-14 23:29:00,933 [INFO] org.springframework.data.jpa.repository.query.QueryEnhancerFactory[main] Hibernate is in classpath; If applicable, HQL parser will be used.
2024-12-14 23:29:01,250 [WARN] org.springframework.boot.autoconfigure.orm.jpa.JpaBaseConfiguration$JpaWebConfiguration[main] spring.jpa.open-in-view is enabled by default. Therefore, database queries may be performed during view rendering. Explicitly configure spring.jpa.open-in-view to disable this warning
2024-12-14 23:29:01,677 [INFO] org.springframework.boot.web.embedded.tomcat.TomcatWebServer[main] Tomcat started on port 8080 (http) with context path '/'
2024-12-14 23:29:01,687 [INFO] com.banking.Sweep.SweepApplication[main] Started SweepApplication in 5.687 seconds (process running for 6.943)
2024-12-14 23:33:15,240 [INFO] org.springframework.orm.jpa.LocalContainerEntityManagerFactoryBean[SpringApplicationShutdownHook] Closing JPA EntityManagerFactory for persistence unit 'default'
2024-12-14 23:33:15,242 [INFO] com.zaxxer.hikari.HikariDataSource[SpringApplicationShutdownHook] HikariPool-1 - Shutdown initiated...
2024-12-14 23:33:15,251 [INFO] com.zaxxer.hikari.HikariDataSource[SpringApplicationShutdownHook] HikariPool-1 - Shutdown completed.
